<?xml version="1.0" encoding="UTF-8"?>
<!-- Generated by org.testng.reporters.JUnitReportReporter -->
<testsuite hostname="LAPTOP-2QMGR94Q" name="pkg1.TC01" tests="1" failures="0" timestamp="10 May 2018 18:30:59 GMT" time="15.829" errors="0">
  <testcase name="Testcase" time="15.829" classname="pkg1.TC01"/>
</testsuite> <!-- pkg1.TC01 -->
