<?xml version="1.0" encoding="UTF-8"?>
<!-- Generated by org.testng.reporters.JUnitReportReporter -->
<testsuite hostname="LAPTOP-2QMGR94Q" name="pkg1.TC01" tests="1" failures="0" timestamp="20 May 2018 03:47:21 GMT" time="45.228" errors="0">
  <testcase name="Testcase" time="45.228" classname="pkg1.TC01"/>
</testsuite> <!-- pkg1.TC01 -->
