<?xml version="1.0" encoding="UTF-8"?>
<!-- Generated by org.testng.reporters.JUnitReportReporter -->
<testsuite skipped="0" hostname="LAPTOP-2QMGR94Q" name="pkg1.TC01" tests="1" failures="0" timestamp="20 May 2018 05:31:40 GMT" time="14.939" errors="0">
  <testcase name="Testcase" time="14.939" classname="pkg1.TC01"/>
</testsuite> <!-- pkg1.TC01 -->
