<?xml version="1.0" encoding="UTF-8"?>
<!-- Generated by org.testng.reporters.JUnitReportReporter -->
<testsuite skipped="0" hostname="LAPTOP-2QMGR94Q" name="pkg1.TC01" tests="1" failures="0" timestamp="10 May 2018 19:23:52 GMT" time="11.785" errors="0">
  <testcase name="Testcase" time="11.785" classname="pkg1.TC01"/>
</testsuite> <!-- pkg1.TC01 -->
